<?xml version="1.0" encoding="UTF-8"?>
<testng-results skipped="0" failed="0" total="1" passed="1">
  <reporter-output>
    <line>
      <![CDATA[测试方法已经验证通过test]]>
    </line>
  </reporter-output>
  <suite name="Suite1" duration-ms="51" started-at="2016-08-17T14:53:09Z" finished-at="2016-08-17T14:53:09Z">
    <groups>
    </groups>
    <test name="test1" duration-ms="51" started-at="2016-08-17T14:53:09Z" finished-at="2016-08-17T14:53:09Z">
      <class name="testDemo.Script.testDemo">
        <test-method status="PASS" signature="testHello(java.lang.String, java.lang.String)[pri:0, instance:testDemo.Script.testDemo@7ca48474]" name="testHello" duration-ms="11" started-at="2016-08-17T22:53:09Z" finished-at="2016-08-17T22:53:09Z">
          <params>
            <param index="0">
              <value>
                <![CDATA[abcdefg]]>
              </value>
            </param>
            <param index="1">
              <value>
                <![CDATA[higklmn]]>
              </value>
            </param>
          </params>
          <reporter-output>
            <line>
              <![CDATA[测试方法已经验证通过test]]>
            </line>
          </reporter-output>
        </test-method> <!-- testHello -->
      </class> <!-- testDemo.Script.testDemo -->
    </test> <!-- test1 -->
  </suite> <!-- Suite1 -->
</testng-results>
