<?xml version="1.0" encoding="UTF-8"?>
<!-- Generated by org.testng.reporters.JUnitXMLReporter -->
<testsuite hostname="bogon" name="test1" tests="1" failures="1" timestamp="18 Aug 2016 07:33:29 GMT" time="0.069" errors="0">
  <testcase name="testHello" time="0.013" classname="testDemo.Script.testDemo">
    <failure type="java.lang.AssertionError" message="expected [abcdefg] but found [1234567]">
      <![CDATA[java.lang.AssertionError: expected [abcdefg] but found [1234567]
	at testDemo.Script.testDemo.testHello(testDemo.java:22)
... Removed 34 stack frames]]>
    </failure>
  </testcase> <!-- testHello -->
</testsuite> <!-- test1 -->
