<?xml version="1.0" encoding="UTF-8"?>
<!-- Generated by org.testng.reporters.JUnitXMLReporter -->
<testsuite hostname="bogon" name="test1" tests="1" failures="1" timestamp="15 Dec 2016 09:20:24 GMT" time="0.037" errors="0">
  <testcase name="testHello" time="0.009" classname="testDemo.Script.testDemo">
    <failure type="java.lang.AssertionError" message="expected [abcdefg] but found [abcdef]">
      <![CDATA[java.lang.AssertionError: expected [abcdefg] but found [abcdef]
	at testDemo.Script.testDemo.testHello(testDemo.java:22)
... Removed 34 stack frames]]>
    </failure>
  </testcase> <!-- testHello -->
</testsuite> <!-- test1 -->
